Determining if files pmmintrin.h exist failed with the following output:
Change Dir: /usr/local/src/gist/gromacs-4.5.3_gist/build/CMakeFiles/CMakeTmp

Run Build Command:/usr/bin/make "cmTryCompileExec2134588709/fast"
/usr/bin/make -f CMakeFiles/cmTryCompileExec2134588709.dir/build.make CMakeFiles/cmTryCompileExec2134588709.dir/build
make[1]: Entering directory `/usr/local/src/gist/gromacs-4.5.3_gist/build/CMakeFiles/CMakeTmp'
/usr/bin/cmake -E cmake_progress_report /usr/local/src/gist/gromacs-4.5.3_gist/build/CMakeFiles/CMakeTmp/CMakeFiles 1
Building C object CMakeFiles/cmTryCompileExec2134588709.dir/CheckIncludeFiles.c.o
/usr/bin/cc   -fexcess-precision=fast -Wall -Wno-unused      -o CMakeFiles/cmTryCompileExec2134588709.dir/CheckIncludeFiles.c.o   -c /usr/local/src/gist/gromacs-4.5.3_gist/build/CMakeFiles/CMakeTmp/CheckIncludeFiles.c
In file included from /usr/local/src/gist/gromacs-4.5.3_gist/build/CMakeFiles/CMakeTmp/CheckIncludeFiles.c:2:0:
/usr/lib/gcc/x86_64-linux-gnu/4.8/include/pmmintrin.h:31:3: error: #error "SSE3 instruction set not enabled"
 # error "SSE3 instruction set not enabled"
   ^
make[1]: *** [CMakeFiles/cmTryCompileExec2134588709.dir/CheckIncludeFiles.c.o] Error 1
make[1]: Leaving directory `/usr/local/src/gist/gromacs-4.5.3_gist/build/CMakeFiles/CMakeTmp'
make: *** [cmTryCompileExec2134588709/fast] Error 2

Source:
/* */
#include <pmmintrin.h>


int main(){return 0;}

Determining if files smmintrin.h exist failed with the following output:
Change Dir: /usr/local/src/gist/gromacs-4.5.3_gist/build/CMakeFiles/CMakeTmp

Run Build Command:/usr/bin/make "cmTryCompileExec1207218715/fast"
/usr/bin/make -f CMakeFiles/cmTryCompileExec1207218715.dir/build.make CMakeFiles/cmTryCompileExec1207218715.dir/build
make[1]: Entering directory `/usr/local/src/gist/gromacs-4.5.3_gist/build/CMakeFiles/CMakeTmp'
/usr/bin/cmake -E cmake_progress_report /usr/local/src/gist/gromacs-4.5.3_gist/build/CMakeFiles/CMakeTmp/CMakeFiles 1
Building C object CMakeFiles/cmTryCompileExec1207218715.dir/CheckIncludeFiles.c.o
/usr/bin/cc   -fexcess-precision=fast -Wall -Wno-unused      -o CMakeFiles/cmTryCompileExec1207218715.dir/CheckIncludeFiles.c.o   -c /usr/local/src/gist/gromacs-4.5.3_gist/build/CMakeFiles/CMakeTmp/CheckIncludeFiles.c
In file included from /usr/local/src/gist/gromacs-4.5.3_gist/build/CMakeFiles/CMakeTmp/CheckIncludeFiles.c:2:0:
/usr/lib/gcc/x86_64-linux-gnu/4.8/include/smmintrin.h:31:3: error: #error "SSE4.1 instruction set not enabled"
 # error "SSE4.1 instruction set not enabled"
   ^
make[1]: *** [CMakeFiles/cmTryCompileExec1207218715.dir/CheckIncludeFiles.c.o] Error 1
make[1]: Leaving directory `/usr/local/src/gist/gromacs-4.5.3_gist/build/CMakeFiles/CMakeTmp'
make: *** [cmTryCompileExec1207218715/fast] Error 2

Source:
/* */
#include <smmintrin.h>


int main(){return 0;}

Determining if files io.h exist failed with the following output:
Change Dir: /usr/local/src/gist/gromacs-4.5.3_gist/build/CMakeFiles/CMakeTmp

Run Build Command:/usr/bin/make "cmTryCompileExec1993591333/fast"
/usr/bin/make -f CMakeFiles/cmTryCompileExec1993591333.dir/build.make CMakeFiles/cmTryCompileExec1993591333.dir/build
make[1]: Entering directory `/usr/local/src/gist/gromacs-4.5.3_gist/build/CMakeFiles/CMakeTmp'
/usr/bin/cmake -E cmake_progress_report /usr/local/src/gist/gromacs-4.5.3_gist/build/CMakeFiles/CMakeTmp/CMakeFiles 1
Building C object CMakeFiles/cmTryCompileExec1993591333.dir/CheckIncludeFiles.c.o
/usr/bin/cc   -fexcess-precision=fast -Wall -Wno-unused      -o CMakeFiles/cmTryCompileExec1993591333.dir/CheckIncludeFiles.c.o   -c /usr/local/src/gist/gromacs-4.5.3_gist/build/CMakeFiles/CMakeTmp/CheckIncludeFiles.c
/usr/local/src/gist/gromacs-4.5.3_gist/build/CMakeFiles/CMakeTmp/CheckIncludeFiles.c:2:16: fatal error: io.h: No such file or directory
 #include <io.h>
                ^
compilation terminated.
make[1]: *** [CMakeFiles/cmTryCompileExec1993591333.dir/CheckIncludeFiles.c.o] Error 1
make[1]: Leaving directory `/usr/local/src/gist/gromacs-4.5.3_gist/build/CMakeFiles/CMakeTmp'
make: *** [cmTryCompileExec1993591333/fast] Error 2

Source:
/* */
#include <io.h>


int main(){return 0;}

Determining if the function _aligned_malloc exists failed with the following output:
Change Dir: /usr/local/src/gist/gromacs-4.5.3_gist/build/CMakeFiles/CMakeTmp

Run Build Command:/usr/bin/make "cmTryCompileExec1088963880/fast"
/usr/bin/make -f CMakeFiles/cmTryCompileExec1088963880.dir/build.make CMakeFiles/cmTryCompileExec1088963880.dir/build
make[1]: Entering directory `/usr/local/src/gist/gromacs-4.5.3_gist/build/CMakeFiles/CMakeTmp'
/usr/bin/cmake -E cmake_progress_report /usr/local/src/gist/gromacs-4.5.3_gist/build/CMakeFiles/CMakeTmp/CMakeFiles 1
Building C object CMakeFiles/cmTryCompileExec1088963880.dir/CheckFunctionExists.c.o
/usr/bin/cc   -fexcess-precision=fast -Wall -Wno-unused   -DCHECK_FUNCTION_EXISTS=_aligned_malloc   -o CMakeFiles/cmTryCompileExec1088963880.dir/CheckFunctionExists.c.o   -c /usr/share/cmake-2.8/Modules/CheckFunctionExists.c
Linking C executable cmTryCompileExec1088963880
/usr/bin/cmake -E cmake_link_script CMakeFiles/cmTryCompileExec1088963880.dir/link.txt --verbose=1
/usr/bin/cc  -fexcess-precision=fast -Wall -Wno-unused   -DCHECK_FUNCTION_EXISTS=_aligned_malloc    CMakeFiles/cmTryCompileExec1088963880.dir/CheckFunctionExists.c.o  -o cmTryCompileExec1088963880 -rdynamic 
CMakeFiles/cmTryCompileExec1088963880.dir/CheckFunctionExists.c.o: In function `main':
CheckFunctionExists.c:(.text+0x15): undefined reference to `_aligned_malloc'
collect2: error: ld returned 1 exit status
make[1]: *** [cmTryCompileExec1088963880] Error 1
make[1]: Leaving directory `/usr/local/src/gist/gromacs-4.5.3_gist/build/CMakeFiles/CMakeTmp'
make: *** [cmTryCompileExec1088963880/fast] Error 2


Determining if the function _isnan exists failed with the following output:
Change Dir: /usr/local/src/gist/gromacs-4.5.3_gist/build/CMakeFiles/CMakeTmp

Run Build Command:/usr/bin/make "cmTryCompileExec804275045/fast"
/usr/bin/make -f CMakeFiles/cmTryCompileExec804275045.dir/build.make CMakeFiles/cmTryCompileExec804275045.dir/build
make[1]: Entering directory `/usr/local/src/gist/gromacs-4.5.3_gist/build/CMakeFiles/CMakeTmp'
/usr/bin/cmake -E cmake_progress_report /usr/local/src/gist/gromacs-4.5.3_gist/build/CMakeFiles/CMakeTmp/CMakeFiles 1
Building C object CMakeFiles/cmTryCompileExec804275045.dir/CheckFunctionExists.c.o
/usr/bin/cc   -fexcess-precision=fast -Wall -Wno-unused   -DCHECK_FUNCTION_EXISTS=_isnan   -o CMakeFiles/cmTryCompileExec804275045.dir/CheckFunctionExists.c.o   -c /usr/share/cmake-2.8/Modules/CheckFunctionExists.c
Linking C executable cmTryCompileExec804275045
/usr/bin/cmake -E cmake_link_script CMakeFiles/cmTryCompileExec804275045.dir/link.txt --verbose=1
/usr/bin/cc  -fexcess-precision=fast -Wall -Wno-unused   -DCHECK_FUNCTION_EXISTS=_isnan    CMakeFiles/cmTryCompileExec804275045.dir/CheckFunctionExists.c.o  -o cmTryCompileExec804275045 -rdynamic 
CMakeFiles/cmTryCompileExec804275045.dir/CheckFunctionExists.c.o: In function `main':
CheckFunctionExists.c:(.text+0x15): undefined reference to `_isnan'
collect2: error: ld returned 1 exit status
make[1]: *** [cmTryCompileExec804275045] Error 1
make[1]: Leaving directory `/usr/local/src/gist/gromacs-4.5.3_gist/build/CMakeFiles/CMakeTmp'
make: *** [cmTryCompileExec804275045/fast] Error 2


Determining if the function isfinite exists failed with the following output:
Change Dir: /usr/local/src/gist/gromacs-4.5.3_gist/build/CMakeFiles/CMakeTmp

Run Build Command:/usr/bin/make "cmTryCompileExec1344173075/fast"
/usr/bin/make -f CMakeFiles/cmTryCompileExec1344173075.dir/build.make CMakeFiles/cmTryCompileExec1344173075.dir/build
make[1]: Entering directory `/usr/local/src/gist/gromacs-4.5.3_gist/build/CMakeFiles/CMakeTmp'
/usr/bin/cmake -E cmake_progress_report /usr/local/src/gist/gromacs-4.5.3_gist/build/CMakeFiles/CMakeTmp/CMakeFiles 1
Building C object CMakeFiles/cmTryCompileExec1344173075.dir/CheckFunctionExists.c.o
/usr/bin/cc   -fexcess-precision=fast -Wall -Wno-unused   -DCHECK_FUNCTION_EXISTS=isfinite   -o CMakeFiles/cmTryCompileExec1344173075.dir/CheckFunctionExists.c.o   -c /usr/share/cmake-2.8/Modules/CheckFunctionExists.c
Linking C executable cmTryCompileExec1344173075
/usr/bin/cmake -E cmake_link_script CMakeFiles/cmTryCompileExec1344173075.dir/link.txt --verbose=1
/usr/bin/cc  -fexcess-precision=fast -Wall -Wno-unused   -DCHECK_FUNCTION_EXISTS=isfinite    CMakeFiles/cmTryCompileExec1344173075.dir/CheckFunctionExists.c.o  -o cmTryCompileExec1344173075 -rdynamic 
CMakeFiles/cmTryCompileExec1344173075.dir/CheckFunctionExists.c.o: In function `main':
CheckFunctionExists.c:(.text+0x15): undefined reference to `isfinite'
collect2: error: ld returned 1 exit status
make[1]: *** [cmTryCompileExec1344173075] Error 1
make[1]: Leaving directory `/usr/local/src/gist/gromacs-4.5.3_gist/build/CMakeFiles/CMakeTmp'
make: *** [cmTryCompileExec1344173075/fast] Error 2


Determining if the function _isfinite exists failed with the following output:
Change Dir: /usr/local/src/gist/gromacs-4.5.3_gist/build/CMakeFiles/CMakeTmp

Run Build Command:/usr/bin/make "cmTryCompileExec3453586112/fast"
/usr/bin/make -f CMakeFiles/cmTryCompileExec3453586112.dir/build.make CMakeFiles/cmTryCompileExec3453586112.dir/build
make[1]: Entering directory `/usr/local/src/gist/gromacs-4.5.3_gist/build/CMakeFiles/CMakeTmp'
/usr/bin/cmake -E cmake_progress_report /usr/local/src/gist/gromacs-4.5.3_gist/build/CMakeFiles/CMakeTmp/CMakeFiles 1
Building C object CMakeFiles/cmTryCompileExec3453586112.dir/CheckFunctionExists.c.o
/usr/bin/cc   -fexcess-precision=fast -Wall -Wno-unused   -DCHECK_FUNCTION_EXISTS=_isfinite   -o CMakeFiles/cmTryCompileExec3453586112.dir/CheckFunctionExists.c.o   -c /usr/share/cmake-2.8/Modules/CheckFunctionExists.c
Linking C executable cmTryCompileExec3453586112
/usr/bin/cmake -E cmake_link_script CMakeFiles/cmTryCompileExec3453586112.dir/link.txt --verbose=1
/usr/bin/cc  -fexcess-precision=fast -Wall -Wno-unused   -DCHECK_FUNCTION_EXISTS=_isfinite    CMakeFiles/cmTryCompileExec3453586112.dir/CheckFunctionExists.c.o  -o cmTryCompileExec3453586112 -rdynamic 
CMakeFiles/cmTryCompileExec3453586112.dir/CheckFunctionExists.c.o: In function `main':
CheckFunctionExists.c:(.text+0x15): undefined reference to `_isfinite'
collect2: error: ld returned 1 exit status
make[1]: *** [cmTryCompileExec3453586112] Error 1
make[1]: Leaving directory `/usr/local/src/gist/gromacs-4.5.3_gist/build/CMakeFiles/CMakeTmp'
make: *** [cmTryCompileExec3453586112/fast] Error 2


Determining if the function _fileno exists failed with the following output:
Change Dir: /usr/local/src/gist/gromacs-4.5.3_gist/build/CMakeFiles/CMakeTmp

Run Build Command:/usr/bin/make "cmTryCompileExec3200462130/fast"
/usr/bin/make -f CMakeFiles/cmTryCompileExec3200462130.dir/build.make CMakeFiles/cmTryCompileExec3200462130.dir/build
make[1]: Entering directory `/usr/local/src/gist/gromacs-4.5.3_gist/build/CMakeFiles/CMakeTmp'
/usr/bin/cmake -E cmake_progress_report /usr/local/src/gist/gromacs-4.5.3_gist/build/CMakeFiles/CMakeTmp/CMakeFiles 1
Building C object CMakeFiles/cmTryCompileExec3200462130.dir/CheckFunctionExists.c.o
/usr/bin/cc   -fexcess-precision=fast -Wall -Wno-unused   -DCHECK_FUNCTION_EXISTS=_fileno   -o CMakeFiles/cmTryCompileExec3200462130.dir/CheckFunctionExists.c.o   -c /usr/share/cmake-2.8/Modules/CheckFunctionExists.c
Linking C executable cmTryCompileExec3200462130
/usr/bin/cmake -E cmake_link_script CMakeFiles/cmTryCompileExec3200462130.dir/link.txt --verbose=1
/usr/bin/cc  -fexcess-precision=fast -Wall -Wno-unused   -DCHECK_FUNCTION_EXISTS=_fileno    CMakeFiles/cmTryCompileExec3200462130.dir/CheckFunctionExists.c.o  -o cmTryCompileExec3200462130 -rdynamic 
CMakeFiles/cmTryCompileExec3200462130.dir/CheckFunctionExists.c.o: In function `main':
CheckFunctionExists.c:(.text+0x15): undefined reference to `_fileno'
collect2: error: ld returned 1 exit status
make[1]: *** [cmTryCompileExec3200462130] Error 1
make[1]: Leaving directory `/usr/local/src/gist/gromacs-4.5.3_gist/build/CMakeFiles/CMakeTmp'
make: *** [cmTryCompileExec3200462130/fast] Error 2


Determining if the function _commit exists failed with the following output:
Change Dir: /usr/local/src/gist/gromacs-4.5.3_gist/build/CMakeFiles/CMakeTmp

Run Build Command:/usr/bin/make "cmTryCompileExec3815044150/fast"
/usr/bin/make -f CMakeFiles/cmTryCompileExec3815044150.dir/build.make CMakeFiles/cmTryCompileExec3815044150.dir/build
make[1]: Entering directory `/usr/local/src/gist/gromacs-4.5.3_gist/build/CMakeFiles/CMakeTmp'
/usr/bin/cmake -E cmake_progress_report /usr/local/src/gist/gromacs-4.5.3_gist/build/CMakeFiles/CMakeTmp/CMakeFiles 1
Building C object CMakeFiles/cmTryCompileExec3815044150.dir/CheckFunctionExists.c.o
/usr/bin/cc   -fexcess-precision=fast -Wall -Wno-unused   -DCHECK_FUNCTION_EXISTS=_commit   -o CMakeFiles/cmTryCompileExec3815044150.dir/CheckFunctionExists.c.o   -c /usr/share/cmake-2.8/Modules/CheckFunctionExists.c
Linking C executable cmTryCompileExec3815044150
/usr/bin/cmake -E cmake_link_script CMakeFiles/cmTryCompileExec3815044150.dir/link.txt --verbose=1
/usr/bin/cc  -fexcess-precision=fast -Wall -Wno-unused   -DCHECK_FUNCTION_EXISTS=_commit    CMakeFiles/cmTryCompileExec3815044150.dir/CheckFunctionExists.c.o  -o cmTryCompileExec3815044150 -rdynamic 
CMakeFiles/cmTryCompileExec3815044150.dir/CheckFunctionExists.c.o: In function `main':
CheckFunctionExists.c:(.text+0x15): undefined reference to `_commit'
collect2: error: ld returned 1 exit status
make[1]: *** [cmTryCompileExec3815044150] Error 1
make[1]: Leaving directory `/usr/local/src/gist/gromacs-4.5.3_gist/build/CMakeFiles/CMakeTmp'
make: *** [cmTryCompileExec3815044150/fast] Error 2


Determining size of bool failed with the following output:
Change Dir: /usr/local/src/gist/gromacs-4.5.3_gist/build/CMakeFiles/CMakeTmp

Run Build Command:/usr/bin/make "cmTryCompileExec4069017757/fast"
/usr/bin/make -f CMakeFiles/cmTryCompileExec4069017757.dir/build.make CMakeFiles/cmTryCompileExec4069017757.dir/build
make[1]: Entering directory `/usr/local/src/gist/gromacs-4.5.3_gist/build/CMakeFiles/CMakeTmp'
/usr/bin/cmake -E cmake_progress_report /usr/local/src/gist/gromacs-4.5.3_gist/build/CMakeFiles/CMakeTmp/CMakeFiles 1
Building C object CMakeFiles/cmTryCompileExec4069017757.dir/SIZEOF_BOOL.c.o
/usr/bin/cc   -fexcess-precision=fast -Wall -Wno-unused      -o CMakeFiles/cmTryCompileExec4069017757.dir/SIZEOF_BOOL.c.o   -c /usr/local/src/gist/gromacs-4.5.3_gist/build/CMakeFiles/CheckTypeSize/SIZEOF_BOOL.c
/usr/local/src/gist/gromacs-4.5.3_gist/build/CMakeFiles/CheckTypeSize/SIZEOF_BOOL.c:17:22: error: ‘bool’ undeclared here (not in a function)
 #define SIZE (sizeof(bool))
                      ^
/usr/local/src/gist/gromacs-4.5.3_gist/build/CMakeFiles/CheckTypeSize/SIZEOF_BOOL.c:19:12: note: in expansion of macro ‘SIZE’
   ('0' + ((SIZE / 10000)%10)),
            ^
make[1]: *** [CMakeFiles/cmTryCompileExec4069017757.dir/SIZEOF_BOOL.c.o] Error 1
make[1]: Leaving directory `/usr/local/src/gist/gromacs-4.5.3_gist/build/CMakeFiles/CMakeTmp'
make: *** [cmTryCompileExec4069017757/fast] Error 2

/usr/local/src/gist/gromacs-4.5.3_gist/build/CMakeFiles/CheckTypeSize/SIZEOF_BOOL.c:
#include <sys/types.h>
#include <stdint.h>
#include <stddef.h>


#undef KEY
#if defined(__i386)
# define KEY '_','_','i','3','8','6'
#elif defined(__x86_64)
# define KEY '_','_','x','8','6','_','6','4'
#elif defined(__ppc__)
# define KEY '_','_','p','p','c','_','_'
#elif defined(__ppc64__)
# define KEY '_','_','p','p','c','6','4','_','_'
#endif

#define SIZE (sizeof(bool))
char info_size[] =  {'I', 'N', 'F', 'O', ':', 's','i','z','e','[',
  ('0' + ((SIZE / 10000)%10)),
  ('0' + ((SIZE / 1000)%10)),
  ('0' + ((SIZE / 100)%10)),
  ('0' + ((SIZE / 10)%10)),
  ('0' +  (SIZE    % 10)),
  ']',
#ifdef KEY
  ' ','k','e','y','[', KEY, ']',
#endif
  '\0'};

#ifdef __CLASSIC_C__
int main(argc, argv) int argc; char *argv[];
#else
int main(int argc, char *argv[])
#endif
{
  int require = 0;
  require += info_size[argc];
  (void)argv;
  return require;
}


Determining if the system is big endian passed with the following output:
Change Dir: /usr/local/src/gist/gromacs-4.5.3_gist/build/CMakeFiles/CMakeTmp

Run Build Command:/usr/bin/make "cmTryCompileExec166802138/fast"
/usr/bin/make -f CMakeFiles/cmTryCompileExec166802138.dir/build.make CMakeFiles/cmTryCompileExec166802138.dir/build
make[1]: Entering directory `/usr/local/src/gist/gromacs-4.5.3_gist/build/CMakeFiles/CMakeTmp'
/usr/bin/cmake -E cmake_progress_report /usr/local/src/gist/gromacs-4.5.3_gist/build/CMakeFiles/CMakeTmp/CMakeFiles 1
Building C object CMakeFiles/cmTryCompileExec166802138.dir/TestEndianess.c.o
/usr/bin/cc   -fexcess-precision=fast -Wall -Wno-unused      -o CMakeFiles/cmTryCompileExec166802138.dir/TestEndianess.c.o   -c /usr/local/src/gist/gromacs-4.5.3_gist/build/CMakeFiles/CMakeTmp/TestEndianess.c
Linking C executable cmTryCompileExec166802138
/usr/bin/cmake -E cmake_link_script CMakeFiles/cmTryCompileExec166802138.dir/link.txt --verbose=1
/usr/bin/cc  -fexcess-precision=fast -Wall -Wno-unused       CMakeFiles/cmTryCompileExec166802138.dir/TestEndianess.c.o  -o cmTryCompileExec166802138 -rdynamic 
make[1]: Leaving directory `/usr/local/src/gist/gromacs-4.5.3_gist/build/CMakeFiles/CMakeTmp'

TestEndianess.c:
/* A 16 bit integer is required. */
typedef unsigned short cmakeint16;

/* On a little endian machine, these 16bit ints will give "THIS IS LITTLE ENDIAN."
   On a big endian machine the characters will be exchanged pairwise. */
const cmakeint16 info_little[] =  {0x4854, 0x5349, 0x4920, 0x2053, 0x494c, 0x5454, 0x454c, 0x4520, 0x444e, 0x4149, 0x2e4e, 0x0000};

/* on a big endian machine, these 16bit ints will give "THIS IS BIG ENDIAN."
   On a little endian machine the characters will be exchanged pairwise. */
const cmakeint16 info_big[] =     {0x5448, 0x4953, 0x2049, 0x5320, 0x4249, 0x4720, 0x454e, 0x4449, 0x414e, 0x2e2e, 0x0000};

#ifdef __CLASSIC_C__
int main(argc, argv) int argc; char *argv[];
#else
int main(int argc, char *argv[])
#endif
{
  int require = 0;
  require += info_little[argc];
  require += info_big[argc];
  (void)argv;
  return require;
}


Determining if the pthread_create exist failed with the following output:
Change Dir: /usr/local/src/gist/gromacs-4.5.3_gist/build/CMakeFiles/CMakeTmp

Run Build Command:/usr/bin/make "cmTryCompileExec2015608043/fast"
/usr/bin/make -f CMakeFiles/cmTryCompileExec2015608043.dir/build.make CMakeFiles/cmTryCompileExec2015608043.dir/build
make[1]: Entering directory `/usr/local/src/gist/gromacs-4.5.3_gist/build/CMakeFiles/CMakeTmp'
/usr/bin/cmake -E cmake_progress_report /usr/local/src/gist/gromacs-4.5.3_gist/build/CMakeFiles/CMakeTmp/CMakeFiles 1
Building C object CMakeFiles/cmTryCompileExec2015608043.dir/CheckSymbolExists.c.o
/usr/bin/cc   -fexcess-precision=fast -Wall -Wno-unused      -o CMakeFiles/cmTryCompileExec2015608043.dir/CheckSymbolExists.c.o   -c /usr/local/src/gist/gromacs-4.5.3_gist/build/CMakeFiles/CMakeTmp/CheckSymbolExists.c
Linking C executable cmTryCompileExec2015608043
/usr/bin/cmake -E cmake_link_script CMakeFiles/cmTryCompileExec2015608043.dir/link.txt --verbose=1
/usr/bin/cc  -fexcess-precision=fast -Wall -Wno-unused       CMakeFiles/cmTryCompileExec2015608043.dir/CheckSymbolExists.c.o  -o cmTryCompileExec2015608043 -rdynamic 
CMakeFiles/cmTryCompileExec2015608043.dir/CheckSymbolExists.c.o: In function `main':
CheckSymbolExists.c:(.text+0x16): undefined reference to `pthread_create'
collect2: error: ld returned 1 exit status
make[1]: *** [cmTryCompileExec2015608043] Error 1
make[1]: Leaving directory `/usr/local/src/gist/gromacs-4.5.3_gist/build/CMakeFiles/CMakeTmp'
make: *** [cmTryCompileExec2015608043/fast] Error 2

File /usr/local/src/gist/gromacs-4.5.3_gist/build/CMakeFiles/CMakeTmp/CheckSymbolExists.c:
/* */
#include <pthread.h>

int main(int argc, char** argv)
{
  (void)argv;
#ifndef pthread_create
  return ((int*)(&pthread_create))[argc];
#else
  (void)argc;
  return 0;
#endif
}

Determining if the function pthread_create exists in the pthreads failed with the following output:
Change Dir: /usr/local/src/gist/gromacs-4.5.3_gist/build/CMakeFiles/CMakeTmp

Run Build Command:/usr/bin/make "cmTryCompileExec3246123725/fast"
/usr/bin/make -f CMakeFiles/cmTryCompileExec3246123725.dir/build.make CMakeFiles/cmTryCompileExec3246123725.dir/build
make[1]: Entering directory `/usr/local/src/gist/gromacs-4.5.3_gist/build/CMakeFiles/CMakeTmp'
/usr/bin/cmake -E cmake_progress_report /usr/local/src/gist/gromacs-4.5.3_gist/build/CMakeFiles/CMakeTmp/CMakeFiles 1
Building C object CMakeFiles/cmTryCompileExec3246123725.dir/CheckFunctionExists.c.o
/usr/bin/cc   -fexcess-precision=fast -Wall -Wno-unused   -DCHECK_FUNCTION_EXISTS=pthread_create   -o CMakeFiles/cmTryCompileExec3246123725.dir/CheckFunctionExists.c.o   -c /usr/share/cmake-2.8/Modules/CheckFunctionExists.c
Linking C executable cmTryCompileExec3246123725
/usr/bin/cmake -E cmake_link_script CMakeFiles/cmTryCompileExec3246123725.dir/link.txt --verbose=1
/usr/bin/cc  -fexcess-precision=fast -Wall -Wno-unused   -DCHECK_FUNCTION_EXISTS=pthread_create    CMakeFiles/cmTryCompileExec3246123725.dir/CheckFunctionExists.c.o  -o cmTryCompileExec3246123725 -rdynamic -lpthreads 
/usr/bin/ld: cannot find -lpthreads
collect2: error: ld returned 1 exit status
make[1]: *** [cmTryCompileExec3246123725] Error 1
make[1]: Leaving directory `/usr/local/src/gist/gromacs-4.5.3_gist/build/CMakeFiles/CMakeTmp'
make: *** [cmTryCompileExec3246123725/fast] Error 2


