Determining if files pmmintrin.h exist failed with the following output:
Change Dir: /usr/local/src/gist/gromacs-4.5.3_gist/debug/CMakeFiles/CMakeTmp

Run Build Command:/usr/bin/make "cmTryCompileExec1127448630/fast"
/usr/bin/make -f CMakeFiles/cmTryCompileExec1127448630.dir/build.make CMakeFiles/cmTryCompileExec1127448630.dir/build
make[1]: Entering directory `/usr/local/src/gist/gromacs-4.5.3_gist/debug/CMakeFiles/CMakeTmp'
/usr/bin/cmake -E cmake_progress_report /usr/local/src/gist/gromacs-4.5.3_gist/debug/CMakeFiles/CMakeTmp/CMakeFiles 1
Building C object CMakeFiles/cmTryCompileExec1127448630.dir/CheckIncludeFiles.c.o
/usr/bin/cc   -fexcess-precision=fast -Wall -Wno-unused      -o CMakeFiles/cmTryCompileExec1127448630.dir/CheckIncludeFiles.c.o   -c /usr/local/src/gist/gromacs-4.5.3_gist/debug/CMakeFiles/CMakeTmp/CheckIncludeFiles.c
In file included from /usr/local/src/gist/gromacs-4.5.3_gist/debug/CMakeFiles/CMakeTmp/CheckIncludeFiles.c:2:0:
/usr/lib/gcc/x86_64-linux-gnu/4.8/include/pmmintrin.h:31:3: error: #error "SSE3 instruction set not enabled"
 # error "SSE3 instruction set not enabled"
   ^
make[1]: *** [CMakeFiles/cmTryCompileExec1127448630.dir/CheckIncludeFiles.c.o] Error 1
make[1]: Leaving directory `/usr/local/src/gist/gromacs-4.5.3_gist/debug/CMakeFiles/CMakeTmp'
make: *** [cmTryCompileExec1127448630/fast] Error 2

Source:
/* */
#include <pmmintrin.h>


int main(){return 0;}

Determining if files smmintrin.h exist failed with the following output:
Change Dir: /usr/local/src/gist/gromacs-4.5.3_gist/debug/CMakeFiles/CMakeTmp

Run Build Command:/usr/bin/make "cmTryCompileExec2153872447/fast"
/usr/bin/make -f CMakeFiles/cmTryCompileExec2153872447.dir/build.make CMakeFiles/cmTryCompileExec2153872447.dir/build
make[1]: Entering directory `/usr/local/src/gist/gromacs-4.5.3_gist/debug/CMakeFiles/CMakeTmp'
/usr/bin/cmake -E cmake_progress_report /usr/local/src/gist/gromacs-4.5.3_gist/debug/CMakeFiles/CMakeTmp/CMakeFiles 1
Building C object CMakeFiles/cmTryCompileExec2153872447.dir/CheckIncludeFiles.c.o
/usr/bin/cc   -fexcess-precision=fast -Wall -Wno-unused      -o CMakeFiles/cmTryCompileExec2153872447.dir/CheckIncludeFiles.c.o   -c /usr/local/src/gist/gromacs-4.5.3_gist/debug/CMakeFiles/CMakeTmp/CheckIncludeFiles.c
In file included from /usr/local/src/gist/gromacs-4.5.3_gist/debug/CMakeFiles/CMakeTmp/CheckIncludeFiles.c:2:0:
/usr/lib/gcc/x86_64-linux-gnu/4.8/include/smmintrin.h:31:3: error: #error "SSE4.1 instruction set not enabled"
 # error "SSE4.1 instruction set not enabled"
   ^
make[1]: *** [CMakeFiles/cmTryCompileExec2153872447.dir/CheckIncludeFiles.c.o] Error 1
make[1]: Leaving directory `/usr/local/src/gist/gromacs-4.5.3_gist/debug/CMakeFiles/CMakeTmp'
make: *** [cmTryCompileExec2153872447/fast] Error 2

Source:
/* */
#include <smmintrin.h>


int main(){return 0;}

Determining if files io.h exist failed with the following output:
Change Dir: /usr/local/src/gist/gromacs-4.5.3_gist/debug/CMakeFiles/CMakeTmp

Run Build Command:/usr/bin/make "cmTryCompileExec3486193700/fast"
/usr/bin/make -f CMakeFiles/cmTryCompileExec3486193700.dir/build.make CMakeFiles/cmTryCompileExec3486193700.dir/build
make[1]: Entering directory `/usr/local/src/gist/gromacs-4.5.3_gist/debug/CMakeFiles/CMakeTmp'
/usr/bin/cmake -E cmake_progress_report /usr/local/src/gist/gromacs-4.5.3_gist/debug/CMakeFiles/CMakeTmp/CMakeFiles 1
Building C object CMakeFiles/cmTryCompileExec3486193700.dir/CheckIncludeFiles.c.o
/usr/bin/cc   -fexcess-precision=fast -Wall -Wno-unused      -o CMakeFiles/cmTryCompileExec3486193700.dir/CheckIncludeFiles.c.o   -c /usr/local/src/gist/gromacs-4.5.3_gist/debug/CMakeFiles/CMakeTmp/CheckIncludeFiles.c
/usr/local/src/gist/gromacs-4.5.3_gist/debug/CMakeFiles/CMakeTmp/CheckIncludeFiles.c:2:16: fatal error: io.h: No such file or directory
 #include <io.h>
                ^
compilation terminated.
make[1]: *** [CMakeFiles/cmTryCompileExec3486193700.dir/CheckIncludeFiles.c.o] Error 1
make[1]: Leaving directory `/usr/local/src/gist/gromacs-4.5.3_gist/debug/CMakeFiles/CMakeTmp'
make: *** [cmTryCompileExec3486193700/fast] Error 2

Source:
/* */
#include <io.h>


int main(){return 0;}

Determining if the function _aligned_malloc exists failed with the following output:
Change Dir: /usr/local/src/gist/gromacs-4.5.3_gist/debug/CMakeFiles/CMakeTmp

Run Build Command:/usr/bin/make "cmTryCompileExec327173224/fast"
/usr/bin/make -f CMakeFiles/cmTryCompileExec327173224.dir/build.make CMakeFiles/cmTryCompileExec327173224.dir/build
make[1]: Entering directory `/usr/local/src/gist/gromacs-4.5.3_gist/debug/CMakeFiles/CMakeTmp'
/usr/bin/cmake -E cmake_progress_report /usr/local/src/gist/gromacs-4.5.3_gist/debug/CMakeFiles/CMakeTmp/CMakeFiles 1
Building C object CMakeFiles/cmTryCompileExec327173224.dir/CheckFunctionExists.c.o
/usr/bin/cc   -fexcess-precision=fast -Wall -Wno-unused   -DCHECK_FUNCTION_EXISTS=_aligned_malloc   -o CMakeFiles/cmTryCompileExec327173224.dir/CheckFunctionExists.c.o   -c /usr/share/cmake-2.8/Modules/CheckFunctionExists.c
Linking C executable cmTryCompileExec327173224
/usr/bin/cmake -E cmake_link_script CMakeFiles/cmTryCompileExec327173224.dir/link.txt --verbose=1
/usr/bin/cc  -fexcess-precision=fast -Wall -Wno-unused   -DCHECK_FUNCTION_EXISTS=_aligned_malloc    CMakeFiles/cmTryCompileExec327173224.dir/CheckFunctionExists.c.o  -o cmTryCompileExec327173224 -rdynamic 
CMakeFiles/cmTryCompileExec327173224.dir/CheckFunctionExists.c.o: In function `main':
CheckFunctionExists.c:(.text+0x15): undefined reference to `_aligned_malloc'
collect2: error: ld returned 1 exit status
make[1]: *** [cmTryCompileExec327173224] Error 1
make[1]: Leaving directory `/usr/local/src/gist/gromacs-4.5.3_gist/debug/CMakeFiles/CMakeTmp'
make: *** [cmTryCompileExec327173224/fast] Error 2


Determining if the function _isnan exists failed with the following output:
Change Dir: /usr/local/src/gist/gromacs-4.5.3_gist/debug/CMakeFiles/CMakeTmp

Run Build Command:/usr/bin/make "cmTryCompileExec1416338780/fast"
/usr/bin/make -f CMakeFiles/cmTryCompileExec1416338780.dir/build.make CMakeFiles/cmTryCompileExec1416338780.dir/build
make[1]: Entering directory `/usr/local/src/gist/gromacs-4.5.3_gist/debug/CMakeFiles/CMakeTmp'
/usr/bin/cmake -E cmake_progress_report /usr/local/src/gist/gromacs-4.5.3_gist/debug/CMakeFiles/CMakeTmp/CMakeFiles 1
Building C object CMakeFiles/cmTryCompileExec1416338780.dir/CheckFunctionExists.c.o
/usr/bin/cc   -fexcess-precision=fast -Wall -Wno-unused   -DCHECK_FUNCTION_EXISTS=_isnan   -o CMakeFiles/cmTryCompileExec1416338780.dir/CheckFunctionExists.c.o   -c /usr/share/cmake-2.8/Modules/CheckFunctionExists.c
Linking C executable cmTryCompileExec1416338780
/usr/bin/cmake -E cmake_link_script CMakeFiles/cmTryCompileExec1416338780.dir/link.txt --verbose=1
/usr/bin/cc  -fexcess-precision=fast -Wall -Wno-unused   -DCHECK_FUNCTION_EXISTS=_isnan    CMakeFiles/cmTryCompileExec1416338780.dir/CheckFunctionExists.c.o  -o cmTryCompileExec1416338780 -rdynamic 
CMakeFiles/cmTryCompileExec1416338780.dir/CheckFunctionExists.c.o: In function `main':
CheckFunctionExists.c:(.text+0x15): undefined reference to `_isnan'
collect2: error: ld returned 1 exit status
make[1]: *** [cmTryCompileExec1416338780] Error 1
make[1]: Leaving directory `/usr/local/src/gist/gromacs-4.5.3_gist/debug/CMakeFiles/CMakeTmp'
make: *** [cmTryCompileExec1416338780/fast] Error 2


Determining if the function isfinite exists failed with the following output:
Change Dir: /usr/local/src/gist/gromacs-4.5.3_gist/debug/CMakeFiles/CMakeTmp

Run Build Command:/usr/bin/make "cmTryCompileExec2187711452/fast"
/usr/bin/make -f CMakeFiles/cmTryCompileExec2187711452.dir/build.make CMakeFiles/cmTryCompileExec2187711452.dir/build
make[1]: Entering directory `/usr/local/src/gist/gromacs-4.5.3_gist/debug/CMakeFiles/CMakeTmp'
/usr/bin/cmake -E cmake_progress_report /usr/local/src/gist/gromacs-4.5.3_gist/debug/CMakeFiles/CMakeTmp/CMakeFiles 1
Building C object CMakeFiles/cmTryCompileExec2187711452.dir/CheckFunctionExists.c.o
/usr/bin/cc   -fexcess-precision=fast -Wall -Wno-unused   -DCHECK_FUNCTION_EXISTS=isfinite   -o CMakeFiles/cmTryCompileExec2187711452.dir/CheckFunctionExists.c.o   -c /usr/share/cmake-2.8/Modules/CheckFunctionExists.c
Linking C executable cmTryCompileExec2187711452
/usr/bin/cmake -E cmake_link_script CMakeFiles/cmTryCompileExec2187711452.dir/link.txt --verbose=1
/usr/bin/cc  -fexcess-precision=fast -Wall -Wno-unused   -DCHECK_FUNCTION_EXISTS=isfinite    CMakeFiles/cmTryCompileExec2187711452.dir/CheckFunctionExists.c.o  -o cmTryCompileExec2187711452 -rdynamic 
CMakeFiles/cmTryCompileExec2187711452.dir/CheckFunctionExists.c.o: In function `main':
CheckFunctionExists.c:(.text+0x15): undefined reference to `isfinite'
collect2: error: ld returned 1 exit status
make[1]: *** [cmTryCompileExec2187711452] Error 1
make[1]: Leaving directory `/usr/local/src/gist/gromacs-4.5.3_gist/debug/CMakeFiles/CMakeTmp'
make: *** [cmTryCompileExec2187711452/fast] Error 2


Determining if the function _isfinite exists failed with the following output:
Change Dir: /usr/local/src/gist/gromacs-4.5.3_gist/debug/CMakeFiles/CMakeTmp

Run Build Command:/usr/bin/make "cmTryCompileExec4153916294/fast"
/usr/bin/make -f CMakeFiles/cmTryCompileExec4153916294.dir/build.make CMakeFiles/cmTryCompileExec4153916294.dir/build
make[1]: Entering directory `/usr/local/src/gist/gromacs-4.5.3_gist/debug/CMakeFiles/CMakeTmp'
/usr/bin/cmake -E cmake_progress_report /usr/local/src/gist/gromacs-4.5.3_gist/debug/CMakeFiles/CMakeTmp/CMakeFiles 1
Building C object CMakeFiles/cmTryCompileExec4153916294.dir/CheckFunctionExists.c.o
/usr/bin/cc   -fexcess-precision=fast -Wall -Wno-unused   -DCHECK_FUNCTION_EXISTS=_isfinite   -o CMakeFiles/cmTryCompileExec4153916294.dir/CheckFunctionExists.c.o   -c /usr/share/cmake-2.8/Modules/CheckFunctionExists.c
Linking C executable cmTryCompileExec4153916294
/usr/bin/cmake -E cmake_link_script CMakeFiles/cmTryCompileExec4153916294.dir/link.txt --verbose=1
/usr/bin/cc  -fexcess-precision=fast -Wall -Wno-unused   -DCHECK_FUNCTION_EXISTS=_isfinite    CMakeFiles/cmTryCompileExec4153916294.dir/CheckFunctionExists.c.o  -o cmTryCompileExec4153916294 -rdynamic 
CMakeFiles/cmTryCompileExec4153916294.dir/CheckFunctionExists.c.o: In function `main':
CheckFunctionExists.c:(.text+0x15): undefined reference to `_isfinite'
collect2: error: ld returned 1 exit status
make[1]: *** [cmTryCompileExec4153916294] Error 1
make[1]: Leaving directory `/usr/local/src/gist/gromacs-4.5.3_gist/debug/CMakeFiles/CMakeTmp'
make: *** [cmTryCompileExec4153916294/fast] Error 2


Determining if the function _fileno exists failed with the following output:
Change Dir: /usr/local/src/gist/gromacs-4.5.3_gist/debug/CMakeFiles/CMakeTmp

Run Build Command:/usr/bin/make "cmTryCompileExec3011204292/fast"
/usr/bin/make -f CMakeFiles/cmTryCompileExec3011204292.dir/build.make CMakeFiles/cmTryCompileExec3011204292.dir/build
make[1]: Entering directory `/usr/local/src/gist/gromacs-4.5.3_gist/debug/CMakeFiles/CMakeTmp'
/usr/bin/cmake -E cmake_progress_report /usr/local/src/gist/gromacs-4.5.3_gist/debug/CMakeFiles/CMakeTmp/CMakeFiles 1
Building C object CMakeFiles/cmTryCompileExec3011204292.dir/CheckFunctionExists.c.o
/usr/bin/cc   -fexcess-precision=fast -Wall -Wno-unused   -DCHECK_FUNCTION_EXISTS=_fileno   -o CMakeFiles/cmTryCompileExec3011204292.dir/CheckFunctionExists.c.o   -c /usr/share/cmake-2.8/Modules/CheckFunctionExists.c
Linking C executable cmTryCompileExec3011204292
/usr/bin/cmake -E cmake_link_script CMakeFiles/cmTryCompileExec3011204292.dir/link.txt --verbose=1
/usr/bin/cc  -fexcess-precision=fast -Wall -Wno-unused   -DCHECK_FUNCTION_EXISTS=_fileno    CMakeFiles/cmTryCompileExec3011204292.dir/CheckFunctionExists.c.o  -o cmTryCompileExec3011204292 -rdynamic 
CMakeFiles/cmTryCompileExec3011204292.dir/CheckFunctionExists.c.o: In function `main':
CheckFunctionExists.c:(.text+0x15): undefined reference to `_fileno'
collect2: error: ld returned 1 exit status
make[1]: *** [cmTryCompileExec3011204292] Error 1
make[1]: Leaving directory `/usr/local/src/gist/gromacs-4.5.3_gist/debug/CMakeFiles/CMakeTmp'
make: *** [cmTryCompileExec3011204292/fast] Error 2


Determining if the function _commit exists failed with the following output:
Change Dir: /usr/local/src/gist/gromacs-4.5.3_gist/debug/CMakeFiles/CMakeTmp

Run Build Command:/usr/bin/make "cmTryCompileExec343718764/fast"
/usr/bin/make -f CMakeFiles/cmTryCompileExec343718764.dir/build.make CMakeFiles/cmTryCompileExec343718764.dir/build
make[1]: Entering directory `/usr/local/src/gist/gromacs-4.5.3_gist/debug/CMakeFiles/CMakeTmp'
/usr/bin/cmake -E cmake_progress_report /usr/local/src/gist/gromacs-4.5.3_gist/debug/CMakeFiles/CMakeTmp/CMakeFiles 1
Building C object CMakeFiles/cmTryCompileExec343718764.dir/CheckFunctionExists.c.o
/usr/bin/cc   -fexcess-precision=fast -Wall -Wno-unused   -DCHECK_FUNCTION_EXISTS=_commit   -o CMakeFiles/cmTryCompileExec343718764.dir/CheckFunctionExists.c.o   -c /usr/share/cmake-2.8/Modules/CheckFunctionExists.c
Linking C executable cmTryCompileExec343718764
/usr/bin/cmake -E cmake_link_script CMakeFiles/cmTryCompileExec343718764.dir/link.txt --verbose=1
/usr/bin/cc  -fexcess-precision=fast -Wall -Wno-unused   -DCHECK_FUNCTION_EXISTS=_commit    CMakeFiles/cmTryCompileExec343718764.dir/CheckFunctionExists.c.o  -o cmTryCompileExec343718764 -rdynamic 
CMakeFiles/cmTryCompileExec343718764.dir/CheckFunctionExists.c.o: In function `main':
CheckFunctionExists.c:(.text+0x15): undefined reference to `_commit'
collect2: error: ld returned 1 exit status
make[1]: *** [cmTryCompileExec343718764] Error 1
make[1]: Leaving directory `/usr/local/src/gist/gromacs-4.5.3_gist/debug/CMakeFiles/CMakeTmp'
make: *** [cmTryCompileExec343718764/fast] Error 2


Determining size of bool failed with the following output:
Change Dir: /usr/local/src/gist/gromacs-4.5.3_gist/debug/CMakeFiles/CMakeTmp

Run Build Command:/usr/bin/make "cmTryCompileExec484821678/fast"
/usr/bin/make -f CMakeFiles/cmTryCompileExec484821678.dir/build.make CMakeFiles/cmTryCompileExec484821678.dir/build
make[1]: Entering directory `/usr/local/src/gist/gromacs-4.5.3_gist/debug/CMakeFiles/CMakeTmp'
/usr/bin/cmake -E cmake_progress_report /usr/local/src/gist/gromacs-4.5.3_gist/debug/CMakeFiles/CMakeTmp/CMakeFiles 1
Building C object CMakeFiles/cmTryCompileExec484821678.dir/SIZEOF_BOOL.c.o
/usr/bin/cc   -fexcess-precision=fast -Wall -Wno-unused      -o CMakeFiles/cmTryCompileExec484821678.dir/SIZEOF_BOOL.c.o   -c /usr/local/src/gist/gromacs-4.5.3_gist/debug/CMakeFiles/CheckTypeSize/SIZEOF_BOOL.c
/usr/local/src/gist/gromacs-4.5.3_gist/debug/CMakeFiles/CheckTypeSize/SIZEOF_BOOL.c:17:22: error: ‘bool’ undeclared here (not in a function)
 #define SIZE (sizeof(bool))
                      ^
/usr/local/src/gist/gromacs-4.5.3_gist/debug/CMakeFiles/CheckTypeSize/SIZEOF_BOOL.c:19:12: note: in expansion of macro ‘SIZE’
   ('0' + ((SIZE / 10000)%10)),
            ^
make[1]: *** [CMakeFiles/cmTryCompileExec484821678.dir/SIZEOF_BOOL.c.o] Error 1
make[1]: Leaving directory `/usr/local/src/gist/gromacs-4.5.3_gist/debug/CMakeFiles/CMakeTmp'
make: *** [cmTryCompileExec484821678/fast] Error 2

/usr/local/src/gist/gromacs-4.5.3_gist/debug/CMakeFiles/CheckTypeSize/SIZEOF_BOOL.c:
#include <sys/types.h>
#include <stdint.h>
#include <stddef.h>


#undef KEY
#if defined(__i386)
# define KEY '_','_','i','3','8','6'
#elif defined(__x86_64)
# define KEY '_','_','x','8','6','_','6','4'
#elif defined(__ppc__)
# define KEY '_','_','p','p','c','_','_'
#elif defined(__ppc64__)
# define KEY '_','_','p','p','c','6','4','_','_'
#endif

#define SIZE (sizeof(bool))
char info_size[] =  {'I', 'N', 'F', 'O', ':', 's','i','z','e','[',
  ('0' + ((SIZE / 10000)%10)),
  ('0' + ((SIZE / 1000)%10)),
  ('0' + ((SIZE / 100)%10)),
  ('0' + ((SIZE / 10)%10)),
  ('0' +  (SIZE    % 10)),
  ']',
#ifdef KEY
  ' ','k','e','y','[', KEY, ']',
#endif
  '\0'};

#ifdef __CLASSIC_C__
int main(argc, argv) int argc; char *argv[];
#else
int main(int argc, char *argv[])
#endif
{
  int require = 0;
  require += info_size[argc];
  (void)argv;
  return require;
}


Determining if the system is big endian passed with the following output:
Change Dir: /usr/local/src/gist/gromacs-4.5.3_gist/debug/CMakeFiles/CMakeTmp

Run Build Command:/usr/bin/make "cmTryCompileExec2079533301/fast"
/usr/bin/make -f CMakeFiles/cmTryCompileExec2079533301.dir/build.make CMakeFiles/cmTryCompileExec2079533301.dir/build
make[1]: Entering directory `/usr/local/src/gist/gromacs-4.5.3_gist/debug/CMakeFiles/CMakeTmp'
/usr/bin/cmake -E cmake_progress_report /usr/local/src/gist/gromacs-4.5.3_gist/debug/CMakeFiles/CMakeTmp/CMakeFiles 1
Building C object CMakeFiles/cmTryCompileExec2079533301.dir/TestEndianess.c.o
/usr/bin/cc   -fexcess-precision=fast -Wall -Wno-unused      -o CMakeFiles/cmTryCompileExec2079533301.dir/TestEndianess.c.o   -c /usr/local/src/gist/gromacs-4.5.3_gist/debug/CMakeFiles/CMakeTmp/TestEndianess.c
Linking C executable cmTryCompileExec2079533301
/usr/bin/cmake -E cmake_link_script CMakeFiles/cmTryCompileExec2079533301.dir/link.txt --verbose=1
/usr/bin/cc  -fexcess-precision=fast -Wall -Wno-unused       CMakeFiles/cmTryCompileExec2079533301.dir/TestEndianess.c.o  -o cmTryCompileExec2079533301 -rdynamic 
make[1]: Leaving directory `/usr/local/src/gist/gromacs-4.5.3_gist/debug/CMakeFiles/CMakeTmp'

TestEndianess.c:
/* A 16 bit integer is required. */
typedef unsigned short cmakeint16;

/* On a little endian machine, these 16bit ints will give "THIS IS LITTLE ENDIAN."
   On a big endian machine the characters will be exchanged pairwise. */
const cmakeint16 info_little[] =  {0x4854, 0x5349, 0x4920, 0x2053, 0x494c, 0x5454, 0x454c, 0x4520, 0x444e, 0x4149, 0x2e4e, 0x0000};

/* on a big endian machine, these 16bit ints will give "THIS IS BIG ENDIAN."
   On a little endian machine the characters will be exchanged pairwise. */
const cmakeint16 info_big[] =     {0x5448, 0x4953, 0x2049, 0x5320, 0x4249, 0x4720, 0x454e, 0x4449, 0x414e, 0x2e2e, 0x0000};

#ifdef __CLASSIC_C__
int main(argc, argv) int argc; char *argv[];
#else
int main(int argc, char *argv[])
#endif
{
  int require = 0;
  require += info_little[argc];
  require += info_big[argc];
  (void)argv;
  return require;
}


Determining if the pthread_create exist failed with the following output:
Change Dir: /usr/local/src/gist/gromacs-4.5.3_gist/debug/CMakeFiles/CMakeTmp

Run Build Command:/usr/bin/make "cmTryCompileExec498011257/fast"
/usr/bin/make -f CMakeFiles/cmTryCompileExec498011257.dir/build.make CMakeFiles/cmTryCompileExec498011257.dir/build
make[1]: Entering directory `/usr/local/src/gist/gromacs-4.5.3_gist/debug/CMakeFiles/CMakeTmp'
/usr/bin/cmake -E cmake_progress_report /usr/local/src/gist/gromacs-4.5.3_gist/debug/CMakeFiles/CMakeTmp/CMakeFiles 1
Building C object CMakeFiles/cmTryCompileExec498011257.dir/CheckSymbolExists.c.o
/usr/bin/cc   -fexcess-precision=fast -Wall -Wno-unused      -o CMakeFiles/cmTryCompileExec498011257.dir/CheckSymbolExists.c.o   -c /usr/local/src/gist/gromacs-4.5.3_gist/debug/CMakeFiles/CMakeTmp/CheckSymbolExists.c
Linking C executable cmTryCompileExec498011257
/usr/bin/cmake -E cmake_link_script CMakeFiles/cmTryCompileExec498011257.dir/link.txt --verbose=1
/usr/bin/cc  -fexcess-precision=fast -Wall -Wno-unused       CMakeFiles/cmTryCompileExec498011257.dir/CheckSymbolExists.c.o  -o cmTryCompileExec498011257 -rdynamic 
CMakeFiles/cmTryCompileExec498011257.dir/CheckSymbolExists.c.o: In function `main':
CheckSymbolExists.c:(.text+0x16): undefined reference to `pthread_create'
collect2: error: ld returned 1 exit status
make[1]: *** [cmTryCompileExec498011257] Error 1
make[1]: Leaving directory `/usr/local/src/gist/gromacs-4.5.3_gist/debug/CMakeFiles/CMakeTmp'
make: *** [cmTryCompileExec498011257/fast] Error 2

File /usr/local/src/gist/gromacs-4.5.3_gist/debug/CMakeFiles/CMakeTmp/CheckSymbolExists.c:
/* */
#include <pthread.h>

int main(int argc, char** argv)
{
  (void)argv;
#ifndef pthread_create
  return ((int*)(&pthread_create))[argc];
#else
  (void)argc;
  return 0;
#endif
}

Determining if the function pthread_create exists in the pthreads failed with the following output:
Change Dir: /usr/local/src/gist/gromacs-4.5.3_gist/debug/CMakeFiles/CMakeTmp

Run Build Command:/usr/bin/make "cmTryCompileExec2369818226/fast"
/usr/bin/make -f CMakeFiles/cmTryCompileExec2369818226.dir/build.make CMakeFiles/cmTryCompileExec2369818226.dir/build
make[1]: Entering directory `/usr/local/src/gist/gromacs-4.5.3_gist/debug/CMakeFiles/CMakeTmp'
/usr/bin/cmake -E cmake_progress_report /usr/local/src/gist/gromacs-4.5.3_gist/debug/CMakeFiles/CMakeTmp/CMakeFiles 1
Building C object CMakeFiles/cmTryCompileExec2369818226.dir/CheckFunctionExists.c.o
/usr/bin/cc   -fexcess-precision=fast -Wall -Wno-unused   -DCHECK_FUNCTION_EXISTS=pthread_create   -o CMakeFiles/cmTryCompileExec2369818226.dir/CheckFunctionExists.c.o   -c /usr/share/cmake-2.8/Modules/CheckFunctionExists.c
Linking C executable cmTryCompileExec2369818226
/usr/bin/cmake -E cmake_link_script CMakeFiles/cmTryCompileExec2369818226.dir/link.txt --verbose=1
/usr/bin/cc  -fexcess-precision=fast -Wall -Wno-unused   -DCHECK_FUNCTION_EXISTS=pthread_create    CMakeFiles/cmTryCompileExec2369818226.dir/CheckFunctionExists.c.o  -o cmTryCompileExec2369818226 -rdynamic -lpthreads 
/usr/bin/ld: cannot find -lpthreads
collect2: error: ld returned 1 exit status
make[1]: *** [cmTryCompileExec2369818226] Error 1
make[1]: Leaving directory `/usr/local/src/gist/gromacs-4.5.3_gist/debug/CMakeFiles/CMakeTmp'
make: *** [cmTryCompileExec2369818226/fast] Error 2


